[Sat Apr  8 21:32:12.952 2023] 0.000 sec 0.000 sec [ext/0/ext 2 (0,20)] [test1] doc
[Sat Apr  8 21:32:16.480 2023] 0.000 sec 0.000 sec [ext/0/ext 2 (0,20)] [test1] doc
[Sat Apr  8 21:32:29.559 2023] 0.000 sec 0.000 sec [ext/0/ext 2 (0,20)] [test1] doc
[Sat Apr  8 21:34:34.615 2023] 0.000 sec 0.000 sec [ext/0/ext 2 (0,20)] [test1] doc
[Sat Apr  8 21:38:29.457 2023] 0.000 sec 0.000 sec [ext/0/ext 2 (0,20)] [test1] doc
[Sat Apr  8 21:38:29.867 2023] 0.000 sec 0.000 sec [ext/0/ext 2 (0,20)] [test1] doc
[Sat Apr  8 21:38:30.117 2023] 0.000 sec 0.000 sec [ext/0/ext 2 (0,20)] [test1] doc
[Sat Apr  8 21:38:32.627 2023] 0.000 sec 0.000 sec [ext/0/ext 2 (0,20)] [test1] doc
[Sat Apr  8 21:39:20.385 2023] 0.000 sec 0.000 sec [ext/0/ext 2 (0,20)] [test1] doc
[Sat Apr  8 21:39:20.997 2023] 0.000 sec 0.000 sec [ext/0/ext 2 (0,20)] [test1] doc
[Sat Apr  8 21:39:21.372 2023] 0.000 sec 0.000 sec [ext/0/ext 2 (0,20)] [test1] doc
[Sat Apr  8 21:39:21.698 2023] 0.000 sec 0.000 sec [ext/0/ext 2 (0,20)] [test1] doc
[Sat Apr  8 21:39:21.947 2023] 0.000 sec 0.000 sec [ext/0/ext 2 (0,20)] [test1] doc
[Sat Apr  8 21:39:22.183 2023] 0.000 sec 0.000 sec [ext/0/ext 2 (0,20)] [test1] doc
[Sat Apr  8 21:39:28.212 2023] 0.001 sec 0.001 sec [ext/0/ext 2 (0,20)] [test1] doc
[Sat Apr  8 21:39:34.229 2023] 0.000 sec 0.000 sec [ext/0/ext 2 (0,20)] [test1] doc
[Sat Apr  8 21:42:51.043 2023] 0.000 sec 0.000 sec [ext/0/ext 2 (0,20)] [test1] doc
[Sat Apr  8 21:43:11.653 2023] 0.000 sec 0.000 sec [ext/0/ext 3 (0,20)] [test1] number 
[Sat Apr  8 21:43:30.931 2023] 0.000 sec 0.000 sec [ext/0/ext 3 (0,20)] [test1] number 
[Sat Apr  8 21:43:39.665 2023] 0.000 sec 0.000 sec [ext/0/ext 3 (0,20)] [test1] number 
[Sat Apr  8 21:43:45.782 2023] 0.000 sec 0.000 sec [ext/0/ext 0 (0,20)] [test1] numbe
[Sat Apr  8 21:43:52.435 2023] 0.000 sec 0.000 sec [ext/0/ext 0 (0,20)] [test1] numbe%
[Sat Apr  8 21:43:54.502 2023] 0.000 sec 0.000 sec [ext/0/ext 0 (0,20)] [test1] numbe%
[Sat Apr  8 21:44:01.105 2023] 0.000 sec 0.000 sec [ext/0/ext 0 (0,20)] [test1] numbe*
[Sat Apr  8 21:44:03.629 2023] 0.000 sec 0.000 sec [ext/0/ext 0 (0,20)] [test1] numbe*
[Sat Apr  8 21:44:23.997 2023] 0.000 sec 0.000 sec [ext/0/ext 0 (0,20)] [test1] numbe*
[Sat Apr  8 21:44:33.284 2023] 0.000 sec 0.000 sec [ext/0/ext 0 (0,20)] [test1] nu
[Sat Apr  8 21:44:40.675 2023] 0.000 sec 0.000 sec [ext/0/ext 3 (0,20)] [test1] number
[Sat Apr  8 21:51:22.300 2023] 0.000 sec 0.000 sec [ext/1/ext 1 (0,20)] [test1] number
[Sat Apr  8 21:51:46.033 2023] 0.000 sec 0.000 sec [ext/1/ext 1 (0,20)] [test1] number
[Sat Apr  8 21:51:52.227 2023] 0.000 sec 0.000 sec [ext/1/ext 0 (0,20)] [test1] number
[Sat Apr  8 21:51:56.546 2023] 0.000 sec 0.000 sec [ext/1/ext 1 (0,20)] [test1] number
[Sat Apr  8 21:52:00.923 2023] 0.000 sec 0.000 sec [ext/1/ext 2 (0,20)] [test1] number
[Sat Apr  8 21:52:14.354 2023] 0.000 sec 0.000 sec [ext/0/ext 3 (0,20)] [test1] number
[Sat Apr  8 21:53:10.868 2023] 0.000 sec 0.000 sec [ext/0/ext 3 (0,20)] [test1] number
[Sat Apr  8 21:55:56.697 2023] 0.000 sec 0.000 sec [ext/0/ext 0 (0,20)] [testrt] number
[Sat Apr  8 21:55:59.977 2023] 0.000 sec 0.000 sec [ext/0/ext 0 (0,20)] [testrt] number
[Sat Apr  8 21:56:18.949 2023] 0.000 sec 0.000 sec [ext/0/ext 0 (0,20)] [testrt] number
[Sat Apr  8 21:56:53.677 2023] 0.000 sec 0.000 sec [ext/0/ext 3 (0,20)] [test1;testrt] number
[Sat Apr  8 21:57:07.505 2023] 0.000 sec 0.000 sec [ext/0/ext 0 (0,20)] [testrt] number
[Sat Apr  8 21:57:14.089 2023] 0.000 sec 0.000 sec [ext/0/ext 3 (0,20)] [test1] number
[Sat Apr  8 22:01:05.841 2023] 0.000 sec 0.000 sec [ext/0/ext 3 (0,20)] [test1] number
[Sat Apr  8 22:01:09.225 2023] 0.000 sec 0.000 sec [ext/0/ext 3 (0,20)] [test1] number
[Sat Apr  8 22:01:19.969 2023] 0.000 sec 0.000 sec [ext/0/ext 3 (0,20)] [test1] number
[Sat Apr  8 22:02:44.991 2023] 0.000 sec 0.000 sec [ext/0/ext 0 (0,20)] [test1] @title 笑傲江湖
[Sat Apr  8 22:02:48.502 2023] 0.000 sec 0.000 sec [ext/0/ext 0 (0,20)] [test1] @title 笑傲江湖
[Sat Apr  8 22:03:02.745 2023] 0.000 sec 0.000 sec [ext/0/ext 2 (0,20)] [test1] @title doc
[Sat Apr  8 22:03:24.374 2023] 0.000 sec 0.000 sec [ext/0/ext 2 (0,20)] [test1] @title doc
[Sat Apr  8 22:03:27.152 2023] 0.000 sec 0.000 sec [ext/0/ext 2 (0,20)] [test1] @title doc
[Sat Apr  8 22:03:38.426 2023] 0.000 sec 0.000 sec [ext/0/ext 2 (0,20)] [test1] doc
[Sat Apr  8 22:03:41.071 2023] 0.000 sec 0.000 sec [ext/0/ext 2 (0,20)] [test1] doc
[Sat Apr  8 22:03:57.832 2023] 0.000 sec 0.000 sec [ext/0/ext 2 (0,20)] [test1] doc
[Sat Apr  8 22:04:10.284 2023] 0.000 sec 0.000 sec [ext/0/ext 2 (0,20)] [test1] doc
[Sat Apr  8 22:04:14.556 2023] 0.000 sec 0.000 sec [ext/0/ext 2 (0,20)] [test1] doc
[Sat Apr  8 22:04:19.580 2023] 0.000 sec 0.000 sec [ext/0/ext 2 (0,20)] [test1] doc
[Sat Apr  8 22:04:27.833 2023] 0.000 sec 0.000 sec [ext/0/ext 2 (0,20)] [test1] doc
[Sat Apr  8 22:04:31.671 2023] 0.000 sec 0.000 sec [ext/0/ext 2 (0,20)] [test1] doc
[Sat Apr  8 22:04:42.733 2023] 0.000 sec 0.000 sec [ext/0/ext 2 (0,20)] [test1] doc
[Sat Apr  8 22:05:32.763 2023] 0.000 sec 0.000 sec [ext/0/ext 3 (0,20)] [test1] doc
[Sat Apr  8 22:05:37.144 2023] 0.000 sec 0.000 sec [ext/0/ext 3 (0,20)] [test1] doc
[Sat Apr  8 22:05:50.910 2023] 0.000 sec 0.000 sec [ext/0/ext 2 (0,20)] [test1] @title doc
[Sat Apr  8 22:05:53.141 2023] 0.000 sec 0.000 sec [ext/0/ext 2 (0,20)] [test1] @title doc
[Sat Apr  8 22:05:59.914 2023] 0.000 sec 0.000 sec [ext/0/ext 2 (0,20)] [test1] @title doc
[Sat Apr  8 22:06:21.610 2023] 0.000 sec 0.000 sec [ext/0/ext 3 (0,20)] [test1] doc
[Sat Apr  8 22:06:32.448 2023] 0.000 sec 0.000 sec [ext/0/ext 1 (0,20)] [test1] @content doc
[Sat Apr  8 22:07:47.589 2023] 0.000 sec 0.000 sec [ext/0/ext 1 (0,20)] [test1] @content doc
[Sat Apr  8 22:09:03.933 2023] 0.000 sec 0.000 sec [ext/0/ext 3 (0,20)] [test1] doc
[Sat Apr  8 22:09:03.949 2023] 0.000 sec 0.000 sec [ext/0/ext 1 (0,20)] [test1] @content doc
[Sat Apr  8 22:10:00.204 2023] 0.000 sec 0.000 sec [ext/0/ext 3 (0,20)] [test1] doc
[Sat Apr  8 22:10:00.220 2023] 0.000 sec 0.000 sec [ext/0/ext 1 (0,20)] [test1] @content doc
[Sat Apr  8 22:18:59.404 2023] 0.000 sec 0.000 sec [ext/0/ext 3 (0,20)] [test1] doc
[Sat Apr  8 22:18:59.416 2023] 0.000 sec 0.000 sec [ext/0/ext 1 (0,20)] [test1] @content doc
[Sat Apr  8 22:19:12.182 2023] 0.000 sec 0.000 sec [ext/0/ext 3 (0,20)] [test1] doc
[Sat Apr  8 22:19:13.465 2023] 0.000 sec 0.000 sec [ext/0/ext 3 (0,20)] [test1] doc
[Sat Apr  8 22:19:15.273 2023] 0.000 sec 0.000 sec [ext/0/ext 3 (0,20)] [test1] doc
[Sat Apr  8 22:31:12.748 2023] 0.000 sec 0.000 sec [ext/0/ext 1 (0,20)] [test1] doc
[Sat Apr  8 22:31:13.385 2023] 0.000 sec 0.000 sec [ext/0/ext 1 (0,20)] [test1] doc
[Sat Apr  8 22:31:21.251 2023] 0.000 sec 0.000 sec [ext/0/ext 1 (0,20)] [test1] doc
[Sat Apr  8 22:31:23.693 2023] 0.000 sec 0.000 sec [ext/0/ext 1 (0,20)] [test1] doc
[Sat Apr  8 22:31:55.881 2023] 0.000 sec 0.000 sec [ext/0/ext 1 (0,20)] [test1] doc
[Sat Apr  8 22:32:29.928 2023] 0.000 sec 0.000 sec [ext/0/ext 3 (0,20)] [test1] doc
[Sat Apr  8 22:32:35.499 2023] 0.000 sec 0.000 sec [ext/0/ext 3 (0,20)] [test1] doc
[Sat Apr  8 22:32:53.979 2023] 0.000 sec 0.000 sec [ext/0/ext 3 (0,20)] [test1] doc
[Sat Apr  8 22:33:16.478 2023] 0.000 sec 0.000 sec [ext/0/ext 3 (0,20)] [test1] doc
[Sat Apr  8 22:49:46.596 2023] 0.000 sec 0.000 sec [ext/0/ext 3 (0,20)] [testrt] doc
[Sat Apr  8 22:50:08.998 2023] 0.000 sec 0.000 sec [ext/0/ext 2 (0,20)] [testrt] 中国
[Sat Apr  8 22:51:00.014 2023] 0.000 sec 0.000 sec [ext/0/ext 2 (0,20)] [testrt] 中国
[Sat Apr  8 22:51:02.326 2023] 0.000 sec 0.000 sec [ext/0/ext 2 (0,20)] [testrt] 中国
[Sat Apr  8 22:51:11.511 2023] 0.000 sec 0.000 sec [ext/0/ext 2 (0,20)] [testrt] 中国
[Sat Apr  8 22:51:29.581 2023] 0.000 sec 0.000 sec [ext/0/ext 1 (0,20)] [testrt] 株洲
[Sat Apr  8 22:51:46.873 2023] 0.000 sec 0.000 sec [ext/0/ext 2 (0,20)] [testrt] 武汉
[Sat Apr  8 22:52:04.218 2023] 0.001 sec 0.001 sec [ext/0/ext 2 (0,20)] [testrt] 湖北武汉
[Sat Apr  8 22:52:13.669 2023] 0.000 sec 0.000 sec [ext/0/ext 2 (0,20)] [testrt] 湖北武汉
[Sat Apr  8 22:52:14.207 2023] 0.000 sec 0.000 sec [ext/0/ext 2 (0,20)] [testrt] 湖北武汉
[Sat Apr  8 22:52:14.582 2023] 0.000 sec 0.000 sec [ext/0/ext 2 (0,20)] [testrt] 湖北武汉
[Sat Apr  8 22:52:14.818 2023] 0.000 sec 0.000 sec [ext/0/ext 2 (0,20)] [testrt] 湖北武汉
[Sat Apr  8 22:52:15.019 2023] 0.000 sec 0.000 sec [ext/0/ext 2 (0,20)] [testrt] 湖北武汉
[Sat Apr  8 22:52:36.473 2023] 0.000 sec 0.000 sec [ext/0/ext 2 (0,20)] [testrt] 湖北武汉
[Sat Apr  8 22:52:39.568 2023] 0.000 sec 0.000 sec [ext/0/ext 2 (0,20)] [testrt] 湖北武汉
[Sat Apr  8 22:52:48.697 2023] 0.001 sec 0.001 sec [ext/0/ext 2 (0,20)] [testrt] 湖北武汉
[Sat Apr  8 22:53:06.538 2023] 0.000 sec 0.000 sec [ext/0/ext 2 (0,20)] [testrt] 湖北武汉
[Sat Apr  8 22:53:38.317 2023] 0.000 sec 0.000 sec [ext/0/ext 2 (0,20)] [testrt] 湖北武汉
[Sat Apr  8 22:53:39.268 2023] 0.000 sec 0.000 sec [ext/0/ext 2 (0,20)] [testrt] 湖北武汉
[Sat Apr  8 22:53:39.705 2023] 0.000 sec 0.000 sec [ext/0/ext 2 (0,20)] [testrt] 湖北武汉
[Sat Apr  8 22:53:40.032 2023] 0.000 sec 0.000 sec [ext/0/ext 2 (0,20)] [testrt] 湖北武汉
[Sat Apr  8 22:53:40.501 2023] 0.000 sec 0.000 sec [ext/0/ext 2 (0,20)] [testrt] 湖北武汉
[Sat Apr  8 22:53:41.346 2023] 0.001 sec 0.001 sec [ext/0/ext 2 (0,20)] [testrt] 湖北武汉
[Sat Apr  8 22:53:41.784 2023] 0.000 sec 0.000 sec [ext/0/ext 2 (0,20)] [testrt] 湖北武汉
[Sat Apr  8 22:53:50.866 2023] 0.000 sec 0.000 sec [ext/0/ext 2 (0,20)] [testrt] 湖北武汉
[Sat Apr  8 22:53:52.919 2023] 0.000 sec 0.000 sec [ext/0/ext 2 (0,20)] [testrt] 湖北武汉
[Sat Apr  8 22:53:53.318 2023] 0.000 sec 0.000 sec [ext/0/ext 2 (0,20)] [testrt] 湖北武汉
[Sat Apr  8 22:54:20.186 2023] 0.000 sec 0.000 sec [ext/0/ext 2 (0,20)] [testrt] 湖北武汉
[Sat Apr  8 22:54:44.058 2023] 0.000 sec 0.000 sec [ext/0/ext 2 (0,20)] [testrt] 湖北武汉
[Sun Apr  9 09:00:43.518 2023] 0.001 sec 0.001 sec [ext/0/ext 2 (0,20)] [testrt] 湖北武汉
[Sun Apr  9 09:00:44.016 2023] 0.001 sec 0.001 sec [ext/0/ext 2 (0,20)] [testrt] 湖北武汉
[Sun Apr  9 09:00:44.285 2023] 0.004 sec 0.004 sec [ext/0/ext 2 (0,20)] [testrt] 湖北武汉
[Sun Apr  9 09:00:44.523 2023] 0.002 sec 0.002 sec [ext/0/ext 2 (0,20)] [testrt] 湖北武汉
[Sun Apr  9 09:00:46.575 2023] 0.000 sec 0.000 sec [ext/0/ext 2 (0,20)] [testrt] 湖北武汉
[Sun Apr  9 09:01:08.386 2023] 0.000 sec 0.000 sec [ext/0/ext 2 (0,20)] [testrt] 湖北武
[Sun Apr  9 09:01:27.219 2023] 0.000 sec 0.000 sec [ext/0/ext 2 (0,20)] [testrt] 湖北武
[Sun Apr  9 09:06:02.546 2023] 0.000 sec 0.000 sec [ext/0/ext 2 (0,20)] [testrt] 湖北武
[Sun Apr  9 09:06:03.190 2023] 0.000 sec 0.000 sec [ext/0/ext 2 (0,20)] [testrt] 湖北武
[Sun Apr  9 09:06:03.484 2023] 0.000 sec 0.000 sec [ext/0/ext 2 (0,20)] [testrt] 湖北武
[Sun Apr  9 09:06:05.762 2023] 0.000 sec 0.000 sec [ext/0/ext 2 (0,20)] [testrt] 湖北武
[Sun Apr  9 09:06:06.619 2023] 0.000 sec 0.000 sec [ext/0/ext 2 (0,20)] [testrt] 湖北武
[Sun Apr  9 09:06:06.976 2023] 0.000 sec 0.000 sec [ext/0/ext 2 (0,20)] [testrt] 湖北武
[Sun Apr  9 09:06:07.242 2023] 0.000 sec 0.000 sec [ext/0/ext 2 (0,20)] [testrt] 湖北武
[Sun Apr  9 09:06:07.587 2023] 0.000 sec 0.000 sec [ext/0/ext 2 (0,20)] [testrt] 湖北武
[Sun Apr  9 09:13:05.759 2023] 0.000 sec 0.000 sec [ext/0/ext 2 (0,20)] [testrt] 湖北武
[Sun Apr  9 09:13:06.297 2023] 0.000 sec 0.000 sec [ext/0/ext 2 (0,20)] [testrt] 湖北武
[Sun Apr  9 09:13:06.593 2023] 0.000 sec 0.000 sec [ext/0/ext 2 (0,20)] [testrt] 湖北武
[Sun Apr  9 09:13:19.591 2023] 0.000 sec 0.000 sec [ext/0/ext 2 (0,20)] [testrt] 湖北武
[Sun Apr  9 09:13:20.153 2023] 0.000 sec 0.000 sec [ext/0/ext 2 (0,20)] [testrt] 湖北武
[Sun Apr  9 09:13:20.405 2023] 0.000 sec 0.000 sec [ext/0/ext 2 (0,20)] [testrt] 湖北武
[Sun Apr  9 09:13:20.592 2023] 0.000 sec 0.000 sec [ext/0/ext 2 (0,20)] [testrt] 湖北武
[Sun Apr  9 09:13:47.442 2023] 0.000 sec 0.000 sec [ext/0/ext 2 (0,20)] [testrt] 湖北武
[Sun Apr  9 09:13:47.918 2023] 0.000 sec 0.000 sec [ext/0/ext 2 (0,20)] [testrt] 湖北武
[Sun Apr  9 09:13:48.208 2023] 0.000 sec 0.000 sec [ext/0/ext 2 (0,20)] [testrt] 湖北武
[Sun Apr  9 09:13:48.458 2023] 0.000 sec 0.000 sec [ext/0/ext 2 (0,20)] [testrt] 湖北武
[Sun Apr  9 09:13:48.722 2023] 0.000 sec 0.000 sec [ext/0/ext 2 (0,20)] [testrt] 湖北武
[Sun Apr  9 09:18:50.495 2023] 0.000 sec 0.000 sec [ext/0/ext 2 (0,20)] [testrt] 湖北武
[Sun Apr  9 09:18:50.998 2023] 0.000 sec 0.000 sec [ext/0/ext 2 (0,20)] [testrt] 湖北武
[Sun Apr  9 09:18:51.250 2023] 0.000 sec 0.000 sec [ext/0/ext 2 (0,20)] [testrt] 湖北武
[Sun Apr  9 09:18:51.485 2023] 0.000 sec 0.000 sec [ext/0/ext 2 (0,20)] [testrt] 湖北武
[Sun Apr  9 09:18:51.706 2023] 0.000 sec 0.000 sec [ext/0/ext 2 (0,20)] [testrt] 湖北武
[Sun Apr  9 09:18:51.909 2023] 0.000 sec 0.000 sec [ext/0/ext 2 (0,20)] [testrt] 湖北武
[Sun Apr  9 09:18:52.141 2023] 0.000 sec 0.000 sec [ext/0/ext 2 (0,20)] [testrt] 湖北武
[Sun Apr  9 09:18:52.360 2023] 0.000 sec 0.000 sec [ext/0/ext 2 (0,20)] [testrt] 湖北武
[Sun Apr  9 09:18:52.515 2023] 0.000 sec 0.000 sec [ext/0/ext 2 (0,20)] [testrt] 湖北武
[Sun Apr  9 09:18:52.655 2023] 0.000 sec 0.000 sec [ext/0/ext 2 (0,20)] [testrt] 湖北武
[Sun Apr  9 09:18:52.911 2023] 0.000 sec 0.000 sec [ext/0/ext 2 (0,20)] [testrt] 湖北武
[Sun Apr  9 09:18:53.154 2023] 0.000 sec 0.000 sec [ext/0/ext 2 (0,20)] [testrt] 湖北武
[Sun Apr  9 09:21:04.560 2023] 0.000 sec 0.000 sec [ext/0/ext 2 (0,20)] [testrt] 湖北武
[Sun Apr  9 09:21:05.668 2023] 0.000 sec 0.000 sec [ext/0/ext 2 (0,20)] [testrt] 湖北武
[Sun Apr  9 09:21:05.824 2023] 0.000 sec 0.000 sec [ext/0/ext 2 (0,20)] [testrt] 湖北武
[Sun Apr  9 09:21:05.995 2023] 0.000 sec 0.000 sec [ext/0/ext 2 (0,20)] [testrt] 湖北武
[Sun Apr  9 09:21:06.152 2023] 0.000 sec 0.000 sec [ext/0/ext 2 (0,20)] [testrt] 湖北武
[Sun Apr  9 09:21:06.308 2023] 0.000 sec 0.000 sec [ext/0/ext 2 (0,20)] [testrt] 湖北武
[Sun Apr  9 09:21:06.479 2023] 0.000 sec 0.000 sec [ext/0/ext 2 (0,20)] [testrt] 湖北武
[Sun Apr  9 09:21:06.650 2023] 0.000 sec 0.000 sec [ext/0/ext 2 (0,20)] [testrt] 湖北武
[Sun Apr  9 09:21:06.853 2023] 0.000 sec 0.000 sec [ext/0/ext 2 (0,20)] [testrt] 湖北武
[Sun Apr  9 09:21:07.071 2023] 0.000 sec 0.000 sec [ext/0/ext 2 (0,20)] [testrt] 湖北武
[Sun Apr  9 09:21:20.720 2023] 0.000 sec 0.000 sec [ext/0/ext 0 (0,20)] [testrt] 湖北武
[Sun Apr  9 09:21:21.906 2023] 0.000 sec 0.000 sec [ext/0/ext 0 (0,20)] [testrt] 湖北武
[Sun Apr  9 09:22:10.700 2023] 0.000 sec 0.000 sec [ext/0/ext 0 (0,20)] [testrt] 湖北武
[Sun Apr  9 09:22:20.592 2023] 0.001 sec 0.001 sec [ext/0/ext 2 (0,20)] [test1:testrt] 湖北武
[Sun Apr  9 09:22:21.328 2023] 0.000 sec 0.000 sec [ext/0/ext 2 (0,20)] [test1:testrt] 湖北武
[Sun Apr  9 09:22:25.447 2023] 0.001 sec 0.001 sec [ext/0/ext 2 (0,20)] [test1:testrt] 湖北武
[Sun Apr  9 09:22:26.011 2023] 0.000 sec 0.000 sec [ext/0/ext 2 (0,20)] [test1:testrt] 湖北武
[Sun Apr  9 09:22:26.418 2023] 0.000 sec 0.000 sec [ext/0/ext 2 (0,20)] [test1:testrt] 湖北武
[Sun Apr  9 09:22:28.668 2023] 0.000 sec 0.000 sec [ext/0/ext 2 (0,20)] [test1:testrt] 湖北武
[Sun Apr  9 09:22:29.041 2023] 0.000 sec 0.000 sec [ext/0/ext 2 (0,20)] [test1:testrt] 湖北武
[Sun Apr  9 09:22:29.322 2023] 0.000 sec 0.000 sec [ext/0/ext 2 (0,20)] [test1:testrt] 湖北武
[Sun Apr  9 09:22:29.947 2023] 0.000 sec 0.000 sec [ext/0/ext 2 (0,20)] [test1:testrt] 湖北武
[Sun Apr  9 09:22:30.182 2023] 0.000 sec 0.000 sec [ext/0/ext 2 (0,20)] [test1:testrt] 湖北武
[Sun Apr  9 09:23:23.817 2023] 0.000 sec 0.000 sec [ext/0/ext 2 (0,20)] [test1] 湖北武
[Sun Apr  9 09:23:24.180 2023] 0.000 sec 0.000 sec [ext/0/ext 2 (0,20)] [test1] 湖北武
[Sun Apr  9 09:23:24.368 2023] 0.000 sec 0.000 sec [ext/0/ext 2 (0,20)] [test1] 湖北武
[Sun Apr  9 09:23:24.522 2023] 0.000 sec 0.000 sec [ext/0/ext 2 (0,20)] [test1] 湖北武
[Sun Apr  9 09:23:38.774 2023] 0.000 sec 0.000 sec [ext/0/ext 2 (0,20)] [test1:testrt] 湖北武汉
[Sun Apr  9 09:23:39.180 2023] 0.000 sec 0.000 sec [ext/0/ext 2 (0,20)] [test1:testrt] 湖北武汉
[Sun Apr  9 09:23:39.415 2023] 0.000 sec 0.000 sec [ext/0/ext 2 (0,20)] [test1:testrt] 湖北武汉
[Sun Apr  9 09:23:41.243 2023] 0.000 sec 0.000 sec [ext/0/ext 2 (0,20)] [test1:testrt] 湖北武汉
[Sun Apr  9 09:27:22.110 2023] 0.001 sec 0.001 sec [ext/0/ext 2 (0,20)] [test1:testrt] 湖北武汉
[Sun Apr  9 09:27:22.544 2023] 0.000 sec 0.000 sec [ext/0/ext 2 (0,20)] [test1:testrt] 湖北武汉
[Sun Apr  9 09:27:22.734 2023] 0.000 sec 0.000 sec [ext/0/ext 2 (0,20)] [test1:testrt] 湖北武汉
[Sun Apr  9 09:27:22.907 2023] 0.000 sec 0.000 sec [ext/0/ext 2 (0,20)] [test1:testrt] 湖北武汉
[Sun Apr  9 09:27:23.066 2023] 0.000 sec 0.000 sec [ext/0/ext 2 (0,20)] [test1:testrt] 湖北武汉
[Sun Apr  9 09:27:23.270 2023] 0.000 sec 0.000 sec [ext/0/ext 2 (0,20)] [test1:testrt] 湖北武汉
[Sun Apr  9 09:27:23.450 2023] 0.000 sec 0.000 sec [ext/0/ext 2 (0,20)] [test1:testrt] 湖北武汉
[Sun Apr  9 09:27:23.753 2023] 0.000 sec 0.000 sec [ext/0/ext 2 (0,20)] [test1:testrt] 湖北武汉
[Sun Apr  9 09:28:45.987 2023] 0.000 sec 0.000 sec [ext/0/ext 2 (0,20)] [test1:testrt] 湖北武汉
[Sun Apr  9 09:28:46.441 2023] 0.000 sec 0.000 sec [ext/0/ext 2 (0,20)] [test1:testrt] 湖北武汉
[Sun Apr  9 09:28:46.738 2023] 0.001 sec 0.001 sec [ext/0/ext 2 (0,20)] [test1:testrt] 湖北武汉
[Sun Apr  9 09:28:47.021 2023] 0.000 sec 0.000 sec [ext/0/ext 2 (0,20)] [test1:testrt] 湖北武汉
[Sun Apr  9 09:28:47.661 2023] 0.000 sec 0.000 sec [ext/0/ext 2 (0,20)] [test1:testrt] 湖北武汉
[Sun Apr  9 09:28:47.993 2023] 0.000 sec 0.000 sec [ext/0/ext 2 (0,20)] [test1:testrt] 湖北武汉
[Sun Apr  9 09:28:48.198 2023] 0.000 sec 0.000 sec [ext/0/ext 2 (0,20)] [test1:testrt] 湖北武汉
[Sun Apr  9 09:32:04.537 2023] 0.000 sec 0.000 sec [ext/0/ext 2 (0,20)] [test1:testrt] 湖北武汉
[Sun Apr  9 09:34:17.630 2023] 0.000 sec 0.000 sec [ext/0/ext 2 (0,20)] [test1:testrt] 湖北武汉
[Sun Apr  9 09:34:17.645 2023] 0.000 sec 0.000 sec [ext/0/ext 2 (0,20)] [test1:testrt] 湖北武汉
[Sun Apr  9 09:34:18.849 2023] 0.001 sec 0.001 sec [ext/0/ext 2 (0,20)] [test1:testrt] 湖北武汉
[Sun Apr  9 09:34:19.267 2023] 0.001 sec 0.001 sec [ext/0/ext 2 (0,20)] [test1:testrt] 湖北武汉
[Sun Apr  9 09:34:19.499 2023] 0.000 sec 0.000 sec [ext/0/ext 2 (0,20)] [test1:testrt] 湖北武汉
[Sun Apr  9 09:34:19.966 2023] 0.000 sec 0.000 sec [ext/0/ext 2 (0,20)] [test1:testrt] 湖北武汉
[Sun Apr  9 09:34:25.012 2023] 0.000 sec 0.000 sec [ext/0/ext 2 (0,20)] [test1:testrt] 湖北武汉
[Sun Apr  9 09:34:25.403 2023] 0.000 sec 0.000 sec [ext/0/ext 2 (0,20)] [test1:testrt] 湖北武汉
[Sun Apr  9 09:34:25.622 2023] 0.001 sec 0.001 sec [ext/0/ext 2 (0,20)] [test1:testrt] 湖北武汉
[Sun Apr  9 09:34:25.855 2023] 0.000 sec 0.000 sec [ext/0/ext 2 (0,20)] [test1:testrt] 湖北武汉
[Sun Apr  9 09:34:26.244 2023] 0.001 sec 0.001 sec [ext/0/ext 2 (0,20)] [test1:testrt] 湖北武汉
[Sun Apr  9 09:34:26.450 2023] 0.001 sec 0.001 sec [ext/0/ext 2 (0,20)] [test1:testrt] 湖北武汉
[Sun Apr  9 09:35:15.227 2023] 0.000 sec 0.000 sec [ext/0/ext 2 (0,20)] [test1:testrt] 湖北武汉
[Sun Apr  9 09:35:15.610 2023] 0.001 sec 0.001 sec [ext/0/ext 2 (0,20)] [test1:testrt] 湖北武汉
[Sun Apr  9 09:35:15.798 2023] 0.000 sec 0.000 sec [ext/0/ext 2 (0,20)] [test1:testrt] 湖北武汉
[Sun Apr  9 09:35:15.899 2023] 0.000 sec 0.000 sec [ext/0/ext 2 (0,20)] [test1:testrt] 湖北武汉
[Sun Apr  9 09:35:20.152 2023] 0.000 sec 0.000 sec [ext/0/ext 2 (0,20)] [test1:testrt] 湖北武汉
[Sun Apr  9 09:35:20.543 2023] 0.000 sec 0.000 sec [ext/0/ext 2 (0,20)] [test1:testrt] 湖北武汉
[Sun Apr  9 09:35:20.872 2023] 0.000 sec 0.000 sec [ext/0/ext 2 (0,20)] [test1:testrt] 湖北武汉
[Sun Apr  9 09:35:21.215 2023] 0.001 sec 0.001 sec [ext/0/ext 2 (0,20)] [test1:testrt] 湖北武汉
[Sun Apr  9 09:55:55.445 2023] 0.000 sec 0.000 sec [ext/0/ext 2 (0,20)] [test1] 湖北武汉
[Sun Apr  9 09:55:56.012 2023] 0.000 sec 0.000 sec [ext/0/ext 2 (0,20)] [test1] 湖北武汉
[Sun Apr  9 09:55:56.428 2023] 0.000 sec 0.000 sec [ext/0/ext 2 (0,20)] [test1] 湖北武汉
[Sun Apr  9 09:56:08.327 2023] 0.000 sec 0.000 sec [ext/0/ext 2 (0,20)] [test1] 湖北武汉
[Sun Apr  9 09:56:13.659 2023] 0.000 sec 0.000 sec [ext/0/ext 2 (0,20)] [test1] 湖北武汉
[Sun Apr  9 09:56:16.701 2023] 0.000 sec 0.000 sec [ext/0/ext 2 (0,20)] [test1] 湖北武汉
[Sun Apr  9 09:56:32.018 2023] 0.000 sec 0.000 sec [ext/0/ext 2 (0,20)] [test1] 汉
[Sun Apr  9 09:56:34.910 2023] 0.000 sec 0.000 sec [ext/0/ext 2 (0,20)] [test1] 汉
[Sun Apr  9 09:56:35.426 2023] 0.000 sec 0.000 sec [ext/0/ext 2 (0,20)] [test1] 汉
[Sun Apr  9 09:56:35.631 2023] 0.000 sec 0.000 sec [ext/0/ext 2 (0,20)] [test1] 汉
[Sun Apr  9 09:56:35.867 2023] 0.000 sec 0.000 sec [ext/0/ext 2 (0,20)] [test1] 汉
[Sun Apr  9 09:56:38.506 2023] 0.000 sec 0.000 sec [ext/0/ext 2 (0,20)] [test1] 汉
[Sun Apr  9 10:04:14.130 2023] 0.001 sec 0.001 sec [ext/0/ext 2 (0,20)] [test1] 汉
[Sun Apr  9 10:04:14.693 2023] 0.000 sec 0.000 sec [ext/0/ext 2 (0,20)] [test1] 汉
[Sun Apr  9 10:04:48.433 2023] 0.000 sec 0.000 sec [ext/0/ext 2 (0,20)] [test1] 汉
[Sun Apr  9 10:04:56.597 2023] 0.000 sec 0.000 sec [ext/0/ext 2 (0,20)] [test1] @content 武汉
[Sun Apr  9 10:04:57.021 2023] 0.000 sec 0.000 sec [ext/0/ext 2 (0,20)] [test1] @content 武汉
[Sun Apr  9 10:04:57.333 2023] 0.000 sec 0.000 sec [ext/0/ext 2 (0,20)] [test1] @content 武汉
[Sun Apr  9 10:05:01.120 2023] 0.000 sec 0.000 sec [ext/0/ext 2 (0,20)] [test1] @content 武汉
[Sun Apr  9 10:05:01.450 2023] 0.000 sec 0.000 sec [ext/0/ext 2 (0,20)] [test1] @content 武汉
[Sun Apr  9 10:05:01.651 2023] 0.000 sec 0.000 sec [ext/0/ext 2 (0,20)] [test1] @content 武汉
[Sun Apr  9 10:07:46.522 2023] 0.000 sec 0.000 sec [ext/0/ext 2 (0,20)] [test1] @content 武汉
[Sun Apr  9 10:07:50.840 2023] 0.000 sec 0.000 sec [ext/0/ext 2 (0,20)] [test1] @content 武汉
[Sun Apr  9 10:07:53.451 2023] 0.000 sec 0.000 sec [ext/0/ext 2 (0,20)] [test1] @content 武汉
[Sun Apr  9 10:07:59.003 2023] 0.000 sec 0.000 sec [ext/0/ext 2 (0,20)] [test1] @content 武汉
[Sun Apr  9 10:08:17.921 2023] 0.000 sec 0.000 sec [ext/0/ext 2 (0,20)] [test1] @content 武汉
[Sun Apr  9 10:08:46.213 2023] 0.000 sec 0.000 sec [ext/0/ext 2 (0,20)] [test1] @content 武汉
[Sun Apr  9 10:08:49.465 2023] 0.000 sec 0.000 sec [ext/0/ext 2 (0,20)] [test1] @content 武汉
[Sun Apr  9 10:09:48.006 2023] 0.000 sec 0.000 sec [ext/0/ext 2 (0,20)] [test1] @content 武汉
[Sun Apr  9 10:09:48.411 2023] 0.000 sec 0.000 sec [ext/0/ext 2 (0,20)] [test1] @content 武汉
[Sun Apr  9 10:09:48.614 2023] 0.000 sec 0.000 sec [ext/0/ext 2 (0,20)] [test1] @content 武汉
[Sun Apr  9 10:10:08.244 2023] 0.000 sec 0.000 sec [ext/0/ext 3 (0,20)] [test1] @content 武汉
[Sun Apr  9 10:10:08.950 2023] 0.000 sec 0.000 sec [ext/0/ext 3 (0,20)] [test1] @content 武汉
[Sun Apr  9 10:10:12.846 2023] 0.000 sec 0.000 sec [ext/0/ext 3 (0,20)] [test1] @content 武汉
[Sun Apr  9 10:10:13.197 2023] 0.000 sec 0.000 sec [ext/0/ext 3 (0,20)] [test1] @content 武汉
[Sun Apr  9 10:10:13.434 2023] 0.000 sec 0.000 sec [ext/0/ext 3 (0,20)] [test1] @content 武汉
[Sun Apr  9 10:14:21.180 2023] 0.000 sec 0.000 sec [ext/0/ext 3 (0,20)] [test1] @content 武汉
[Sun Apr  9 10:14:21.698 2023] 0.000 sec 0.000 sec [ext/0/ext 3 (0,20)] [test1] @content 武汉
[Sun Apr  9 10:14:21.932 2023] 0.000 sec 0.000 sec [ext/0/ext 3 (0,20)] [test1] @content 武汉
[Sun Apr  9 10:14:22.181 2023] 0.000 sec 0.000 sec [ext/0/ext 3 (0,20)] [test1] @content 武汉
[Sun Apr  9 10:14:22.369 2023] 0.000 sec 0.000 sec [ext/0/ext 3 (0,20)] [test1] @content 武汉
[Sun Apr  9 10:14:23.136 2023] 0.000 sec 0.000 sec [ext/0/ext 3 (0,20)] [test1] @content 武汉
[Sun Apr  9 10:15:33.886 2023] 0.000 sec 0.000 sec [ext/0/ext 3 (0,20)] [test1] @content 武汉
[Sun Apr  9 10:15:34.260 2023] 0.000 sec 0.000 sec [ext/0/ext 3 (0,20)] [test1] @content 武汉
[Sun Apr  9 10:15:35.854 2023] 0.000 sec 0.000 sec [ext/0/ext 3 (0,20)] [test1] @content 武汉
[Sun Apr  9 10:15:36.227 2023] 0.000 sec 0.000 sec [ext/0/ext 3 (0,20)] [test1] @content 武汉
[Sun Apr  9 10:15:36.507 2023] 0.000 sec 0.000 sec [ext/0/ext 3 (0,20)] [test1] @content 武汉
[Sun Apr  9 10:15:54.831 2023] 0.000 sec 0.000 sec [ext/0/ext 3 (0,20)] [test1] @content 武汉
[Sun Apr  9 10:15:55.333 2023] 0.000 sec 0.000 sec [ext/0/ext 3 (0,20)] [test1] @content 武汉
[Sun Apr  9 10:15:56.519 2023] 0.000 sec 0.000 sec [ext/0/ext 3 (0,20)] [test1] @content 武汉
[Sun Apr  9 10:15:56.782 2023] 0.000 sec 0.000 sec [ext/0/ext 3 (0,20)] [test1] @content 武汉
[Sun Apr  9 10:15:57.186 2023] 0.000 sec 0.000 sec [ext/0/ext 3 (0,20)] [test1] @content 武汉
[Sun Apr  9 10:15:57.639 2023] 0.000 sec 0.000 sec [ext/0/ext 3 (0,20)] [test1] @content 武汉
[Sun Apr  9 10:17:18.320 2023] 0.000 sec 0.000 sec [ext/0/ext 3 (0,20)] [test1] @content 武汉
[Sun Apr  9 10:17:23.576 2023] 0.000 sec 0.000 sec [ext/0/ext 3 (0,20)] [test1] @content 武汉
[Sun Apr  9 10:17:35.868 2023] 0.000 sec 0.000 sec [ext/0/ext 3 (0,20)] [test1] @content 武汉
[Sun Apr  9 10:17:42.011 2023] 0.000 sec 0.000 sec [ext/0/ext 3 (0,20)] [test1] @content 武汉
[Sun Apr  9 10:22:26.981 2023] 0.001 sec 0.001 sec [ext/0/ext 3 (0,20)] [test1] @content 武汉
[Sun Apr  9 10:22:48.197 2023] 0.000 sec 0.000 sec [ext/0/ext 0 (0,20)] [testrt] @content 武汉
[Sun Apr  9 10:23:09.906 2023] 0.000 sec 0.000 sec [ext/0/ext 0 (0,20)] [testrt] @content 武汉
[Sun Apr  9 10:23:26.182 2023] 0.000 sec 0.000 sec [ext/0/ext 0 (0,20)] [testrt] 武汉
[Sun Apr  9 10:23:34.039 2023] 0.001 sec 0.001 sec [ext/0/ext 0 (0,20)] [testrt] doc
[Sun Apr  9 10:23:49.797 2023] 0.000 sec 0.000 sec [ext/0/ext 0 (0,20)] [testrt] test
[Sun Apr  9 10:23:59.668 2023] 0.000 sec 0.000 sec [ext/0/ext 4 (0,20)] [test1;testrt] test
[Sun Apr  9 10:24:16.953 2023] 0.000 sec 0.000 sec [ext/0/ext 4 (0,20)] [test1:testrt] test
[Sun Apr  9 10:24:23.182 2023] 0.000 sec 0.000 sec [ext/0/ext 0 (0,20)] [testrt] test
[Sun Apr  9 10:24:41.752 2023] 0.000 sec 0.000 sec [ext/0/ext 0 (0,20)] [testrt] test
[Sun Apr  9 10:24:43.280 2023] 0.000 sec 0.000 sec [ext/0/ext 0 (0,20)] [testrt] test
[Sun Apr  9 10:25:21.008 2023] 0.000 sec 0.000 sec [ext/0/ext 0 (0,20)] [testrt] test
[Sun Apr  9 10:25:22.770 2023] 0.000 sec 0.000 sec [ext/0/ext 0 (0,20)] [testrt] test
[Sun Apr  9 10:25:49.386 2023] 0.000 sec 0.000 sec [ext/0/ext 4 (0,20)] [test1:testrt] test
[Sun Apr  9 10:26:01.999 2023] 0.000 sec 0.000 sec [ext/0/ext 3 (0,20)] [test1:testrt] 武汉
[Sun Apr  9 10:26:15.091 2023] 0.000 sec 0.000 sec [ext/0/ext 3 (0,20)] [test1] @content 武汉
[Sun Apr  9 10:26:19.641 2023] 0.000 sec 0.000 sec [ext/0/ext 3 (0,20)] [test1] @content 武汉
[Sun Apr  9 10:26:25.860 2023] 0.000 sec 0.000 sec [ext/0/ext 3 (0,20)] [test1] @content 武汉
[Sun Apr  9 10:49:55.812 2023] 0.000 sec 0.000 sec [ext/0/ext 0 (0,20)] [test1] @content 武汉
[Sun Apr  9 10:49:56.734 2023] 0.000 sec 0.000 sec [ext/0/ext 0 (0,20)] [test1] @content 武汉
[Sun Apr  9 10:49:57.283 2023] 0.000 sec 0.000 sec [ext/0/ext 0 (0,20)] [test1] @content 武汉
[Sun Apr  9 10:49:57.530 2023] 0.000 sec 0.000 sec [ext/0/ext 0 (0,20)] [test1] @content 武汉
[Sun Apr  9 10:49:59.339 2023] 0.000 sec 0.000 sec [ext/0/ext 0 (0,20)] [test1] @content 武汉
[Sun Apr  9 10:49:59.992 2023] 0.000 sec 0.000 sec [ext/0/ext 0 (0,20)] [test1] @content 武汉
[Sun Apr  9 10:50:15.865 2023] 0.000 sec 0.000 sec [ext/0/ext 0 (0,20)] [test1] @content 武汉
[Sun Apr  9 10:50:16.335 2023] 0.000 sec 0.000 sec [ext/0/ext 0 (0,20)] [test1] @content 武汉
[Sun Apr  9 10:50:16.599 2023] 0.000 sec 0.000 sec [ext/0/ext 0 (0,20)] [test1] @content 武汉
[Sun Apr  9 10:50:59.383 2023] 0.000 sec 0.000 sec [ext/0/ext 0 (0,20)] [test1] 汉
[Sun Apr  9 10:50:59.913 2023] 0.000 sec 0.000 sec [ext/0/ext 0 (0,20)] [test1] 汉
[Sun Apr  9 10:51:00.210 2023] 0.000 sec 0.000 sec [ext/0/ext 0 (0,20)] [test1] 汉
[Sun Apr  9 10:51:00.384 2023] 0.000 sec 0.000 sec [ext/0/ext 0 (0,20)] [test1] 汉
[Sun Apr  9 10:51:00.617 2023] 0.000 sec 0.000 sec [ext/0/ext 0 (0,20)] [test1] 汉
[Sun Apr  9 10:51:00.742 2023] 0.000 sec 0.000 sec [ext/0/ext 0 (0,20)] [test1] 汉
[Sun Apr  9 10:51:00.914 2023] 0.000 sec 0.000 sec [ext/0/ext 0 (0,20)] [test1] 汉
[Sun Apr  9 10:51:01.256 2023] 0.000 sec 0.000 sec [ext/0/ext 0 (0,20)] [test1] 汉
[Sun Apr  9 10:51:16.468 2023] 0.000 sec 0.000 sec [ext/0/ext 0 (0,20)] [test1] @content 武汉
[Sun Apr  9 10:51:16.840 2023] 0.000 sec 0.000 sec [ext/0/ext 0 (0,20)] [test1] @content 武汉
[Sun Apr  9 10:51:17.104 2023] 0.000 sec 0.000 sec [ext/0/ext 0 (0,20)] [test1] @content 武汉
[Sun Apr  9 10:51:17.790 2023] 0.000 sec 0.000 sec [ext/0/ext 0 (0,20)] [test1] @content 武汉
[Sun Apr  9 10:51:28.889 2023] 0.000 sec 0.000 sec [ext/0/ext 0 (0,20)] [test1] @content 武汉
[Sun Apr  9 10:51:43.485 2023] 0.000 sec 0.000 sec [ext/0/ext 0 (0,20)] [test1] @content 武
[Sun Apr  9 10:51:56.410 2023] 0.000 sec 0.000 sec [ext/0/ext 0 (0,20)] [test1] 汉
[Sun Apr  9 10:51:56.832 2023] 0.000 sec 0.000 sec [ext/0/ext 0 (0,20)] [test1] 汉
[Sun Apr  9 10:51:57.020 2023] 0.000 sec 0.000 sec [ext/0/ext 0 (0,20)] [test1] 汉
[Sun Apr  9 10:52:07.795 2023] 0.000 sec 0.000 sec [ext/0/ext 0 (0,20)] [test1] @content 武
[Sun Apr  9 10:52:08.154 2023] 0.000 sec 0.000 sec [ext/0/ext 0 (0,20)] [test1] @content 武
[Sun Apr  9 10:52:08.434 2023] 0.000 sec 0.000 sec [ext/0/ext 0 (0,20)] [test1] @content 武
[Sun Apr  9 10:52:51.072 2023] 0.001 sec 0.001 sec [ext/0/ext 0 (0,20)] [test1] @content 武
[Sun Apr  9 10:52:51.416 2023] 0.000 sec 0.000 sec [ext/0/ext 0 (0,20)] [test1] @content 武
[Sun Apr  9 10:52:51.603 2023] 0.000 sec 0.000 sec [ext/0/ext 0 (0,20)] [test1] @content 武
[Sun Apr  9 10:52:51.743 2023] 0.000 sec 0.000 sec [ext/0/ext 0 (0,20)] [test1] @content 武
[Sun Apr  9 11:08:30.914 2023] 0.000 sec 0.000 sec [ext/0/ext 3 (0,20)] [test1] @content 武
[Sun Apr  9 11:08:31.408 2023] 0.000 sec 0.000 sec [ext/0/ext 3 (0,20)] [test1] @content 武
[Sun Apr  9 11:08:43.912 2023] 0.000 sec 0.000 sec [ext/0/ext 3 (0,20)] [test1] @content 武
[Sun Apr  9 11:08:44.623 2023] 0.000 sec 0.000 sec [ext/0/ext 3 (0,20)] [test1] @content 武
[Sun Apr  9 11:08:45.703 2023] 0.000 sec 0.000 sec [ext/0/ext 3 (0,20)] [test1] @content 武
[Sun Apr  9 11:08:46.157 2023] 0.000 sec 0.000 sec [ext/0/ext 3 (0,20)] [test1] @content 武
[Sun Apr  9 11:09:07.597 2023] 0.000 sec 0.000 sec [ext/0/ext 3 (0,20)] [test1] @content 武
[Sun Apr  9 11:09:42.783 2023] 0.000 sec 0.000 sec [ext/0/ext 3 (0,20)] [test1] @content 武
[Sun Apr  9 11:09:43.422 2023] 0.000 sec 0.000 sec [ext/0/ext 3 (0,20)] [test1] @content 武
[Sun Apr  9 11:09:43.796 2023] 0.000 sec 0.000 sec [ext/0/ext 3 (0,20)] [test1] @content 武
[Sun Apr  9 11:09:44.029 2023] 0.000 sec 0.000 sec [ext/0/ext 3 (0,20)] [test1] @content 武
[Sun Apr  9 11:09:44.201 2023] 0.000 sec 0.000 sec [ext/0/ext 3 (0,20)] [test1] @content 武
[Sun Apr  9 11:09:44.403 2023] 0.000 sec 0.000 sec [ext/0/ext 3 (0,20)] [test1] @content 武
[Sun Apr  9 11:09:48.431 2023] 0.000 sec 0.000 sec [ext/0/ext 3 (0,20)] [test1] @content 武
[Sun Apr  9 11:11:32.961 2023] 0.000 sec 0.000 sec [ext/0/ext 3 (0,20)] [test1] @content 武
[Sun Apr  9 11:11:33.383 2023] 0.000 sec 0.000 sec [ext/0/ext 3 (0,20)] [test1] @content 武
[Sun Apr  9 11:11:33.663 2023] 0.000 sec 0.000 sec [ext/0/ext 3 (0,20)] [test1] @content 武
[Sun Apr  9 11:11:33.976 2023] 0.000 sec 0.000 sec [ext/0/ext 3 (0,20)] [test1] @content 武
[Sun Apr  9 11:11:34.165 2023] 0.000 sec 0.000 sec [ext/0/ext 3 (0,20)] [test1] @content 武
[Sun Apr  9 11:11:34.336 2023] 0.000 sec 0.000 sec [ext/0/ext 3 (0,20)] [test1] @content 武
[Sun Apr  9 11:11:34.491 2023] 0.000 sec 0.000 sec [ext/0/ext 3 (0,20)] [test1] @content 武
[Sun Apr  9 11:11:34.709 2023] 0.000 sec 0.000 sec [ext/0/ext 3 (0,20)] [test1] @content 武
[Sun Apr  9 11:11:34.909 2023] 0.000 sec 0.000 sec [ext/0/ext 3 (0,20)] [test1] @content 武
[Sun Apr  9 11:11:35.096 2023] 0.000 sec 0.000 sec [ext/0/ext 3 (0,20)] [test1] @content 武
[Sun Apr  9 11:11:35.551 2023] 0.000 sec 0.000 sec [ext/0/ext 3 (0,20)] [test1] @content 武
[Sun Apr  9 11:41:15.383 2023] 0.000 sec 0.000 sec [ext/0/ext 3 (0,20)] [test1] @content 武
[Sun Apr  9 11:52:54.682 2023] 0.001 sec 0.001 sec [ext/0/ext 3 (0,20)] [test1] @content 武
[Sun Apr  9 11:52:58.891 2023] 0.000 sec 0.000 sec [ext/0/ext 3 (0,20)] [test1] @content 武
[Sun Apr  9 11:52:59.249 2023] 0.000 sec 0.000 sec [ext/0/ext 3 (0,20)] [test1] @content 武
[Sun Apr  9 11:52:59.438 2023] 0.000 sec 0.000 sec [ext/0/ext 3 (0,20)] [test1] @content 武
[Sun Apr  9 11:52:59.626 2023] 0.000 sec 0.000 sec [ext/0/ext 3 (0,20)] [test1] @content 武
[Sun Apr  9 11:53:04.501 2023] 0.000 sec 0.000 sec [ext/0/ext 3 (0,20)] [test1] @content 武
[Sun Apr  9 11:53:05.075 2023] 0.000 sec 0.000 sec [ext/0/ext 3 (0,20)] [test1] @content 武
[Sun Apr  9 11:53:05.339 2023] 0.000 sec 0.000 sec [ext/0/ext 3 (0,20)] [test1] @content 武
[Sun Apr  9 11:53:15.296 2023] 0.000 sec 0.000 sec [ext/0/ext 3 (0,20)] [test1] @content 武
[Sun Apr  9 11:53:15.685 2023] 0.000 sec 0.000 sec [ext/0/ext 3 (0,20)] [test1] @content 武
[Sun Apr  9 11:53:22.963 2023] 0.000 sec 0.000 sec [ext/0/ext 3 (0,20)] [test1] @content 武
[Sun Apr  9 11:53:50.015 2023] 0.000 sec 0.000 sec [ext/0/ext 3 (0,20)] [test1] @content 武
[Sun Apr  9 11:54:13.202 2023] 0.000 sec 0.000 sec [ext/0/ext 3 (0,20)] [test1] @content 湖北
[Sun Apr  9 11:54:13.670 2023] 0.000 sec 0.000 sec [ext/0/ext 3 (0,20)] [test1] @content 湖北
[Sun Apr  9 11:54:19.165 2023] 0.000 sec 0.000 sec [ext/0/ext 3 (0,20)] [test1] @content 湖北
[Sun Apr  9 11:54:19.524 2023] 0.000 sec 0.000 sec [ext/0/ext 3 (0,20)] [test1] @content 湖北
[Sun Apr  9 11:54:21.135 2023] 0.000 sec 0.000 sec [ext/0/ext 3 (0,20)] [test1] @content 湖北
[Sun Apr  9 11:54:21.448 2023] 0.000 sec 0.000 sec [ext/0/ext 3 (0,20)] [test1] @content 湖北
[Sun Apr  9 11:54:21.698 2023] 0.000 sec 0.000 sec [ext/0/ext 3 (0,20)] [test1] @content 湖北
[Sun Apr  9 11:54:21.902 2023] 0.000 sec 0.000 sec [ext/0/ext 3 (0,20)] [test1] @content 湖北
[Sun Apr  9 11:54:37.065 2023] 0.000 sec 0.000 sec [ext/0/ext 3 (0,20)] [test1] @content 湖北
[Sun Apr  9 11:55:17.905 2023] 0.001 sec 0.001 sec [ext/1/ext 0 (0,20)] [test1] @content 湖北
[Sun Apr  9 11:55:26.487 2023] 0.000 sec 0.000 sec [ext/0/ext 3 (0,20)] [test1] @content 湖北
[Sun Apr  9 11:55:36.337 2023] 0.000 sec 0.000 sec [ext/0/ext 3 (0,20)] [test1] @content 湖北
[Sun Apr  9 11:56:03.307 2023] 0.000 sec 0.000 sec [ext/0/ext 1 (0,20)] [test1] @con 湖北
[Sun Apr  9 11:56:03.820 2023] 0.000 sec 0.000 sec [ext/0/ext 1 (0,20)] [test1] @con 湖北
[Sun Apr  9 11:56:04.148 2023] 0.000 sec 0.000 sec [ext/0/ext 1 (0,20)] [test1] @con 湖北
[Sun Apr  9 11:56:04.366 2023] 0.000 sec 0.000 sec [ext/0/ext 1 (0,20)] [test1] @con 湖北
[Sun Apr  9 11:56:11.113 2023] 0.000 sec 0.000 sec [ext/0/ext 1 (0,20)] [test1] @con 湖北
[Sun Apr  9 11:56:11.531 2023] 0.000 sec 0.000 sec [ext/0/ext 1 (0,20)] [test1] @con 湖北
[Sun Apr  9 11:56:23.730 2023] 0.000 sec 0.000 sec [ext/0/ext 1 (0,20)] [test1] @con 湖北
[Sun Apr  9 11:57:25.330 2023] 0.000 sec 0.000 sec [ext/0/ext 1 (0,20)] [test1] @con 湖北
[Sun Apr  9 11:58:17.419 2023] 0.000 sec 0.000 sec [ext/0/ext 1 (0,20)] [test1] @con 湖北
[Sun Apr  9 11:58:42.071 2023] 0.000 sec 0.000 sec [ext/0/ext 1 (0,20)] [test1] @con 湖北
[Sun Apr  9 12:00:00.206 2023] 0.000 sec 0.000 sec [ext/0/ext 1 (0,20)] [test1] @con 湖北
[Sun Apr  9 12:00:03.083 2023] 0.000 sec 0.000 sec [ext/0/ext 1 (0,20)] [test1] @con 湖北
[Sun Apr  9 12:00:32.714 2023] 0.000 sec 0.000 sec [ext/0/ext 1 (0,20)] [test1] @con 湖北
[Sun Apr  9 12:02:13.508 2023] 0.000 sec 0.000 sec [ext/0/ext 1 (0,20)] [test1] @con 湖北
[Sun Apr  9 12:02:19.557 2023] 0.000 sec 0.000 sec [ext/0/ext 1 (0,20)] [test1] @con 湖北
[Sun Apr  9 12:02:21.183 2023] 0.000 sec 0.000 sec [ext/0/ext 1 (0,20)] [test1] @con 湖北
[Sun Apr  9 12:02:29.990 2023] 0.000 sec 0.000 sec [ext/0/ext 1 (0,20)] [test1] @con 湖北
[Sun Apr  9 12:03:45.728 2023] 0.000 sec 0.000 sec [ext/0/ext 1 (0,20)] [test1] @con 湖北
[Sun Apr  9 12:06:04.632 2023] 0.000 sec 0.000 sec [ext/0/ext 1 (0,20)] [test1] @con 湖北
[Sun Apr  9 12:06:54.868 2023] 0.000 sec 0.000 sec [ext/0/ext 1 (0,20)] [test1] @con 湖北
[Sun Apr  9 12:07:08.567 2023] 0.000 sec 0.000 sec [ext/0/ext 1 (0,20)] [test1] @con 湖北
[Sun Apr  9 12:07:09.034 2023] 0.000 sec 0.000 sec [ext/0/ext 1 (0,20)] [test1] @con 湖北
[Sun Apr  9 12:07:09.250 2023] 0.000 sec 0.000 sec [ext/0/ext 1 (0,20)] [test1] @con 湖北
[Sun Apr  9 12:07:09.405 2023] 0.000 sec 0.000 sec [ext/0/ext 1 (0,20)] [test1] @con 湖北
[Sun Apr  9 12:07:09.560 2023] 0.000 sec 0.000 sec [ext/0/ext 1 (0,20)] [test1] @con 湖北
[Sun Apr  9 12:07:09.779 2023] 0.000 sec 0.000 sec [ext/0/ext 1 (0,20)] [test1] @con 湖北
[Sun Apr  9 12:07:09.918 2023] 0.000 sec 0.000 sec [ext/0/ext 1 (0,20)] [test1] @con 湖北
[Sun Apr  9 12:07:10.213 2023] 0.000 sec 0.000 sec [ext/0/ext 1 (0,20)] [test1] @con 湖北
[Sun Apr  9 12:07:10.479 2023] 0.000 sec 0.000 sec [ext/0/ext 1 (0,20)] [test1] @con 湖北
[Sun Apr  9 12:07:10.654 2023] 0.000 sec 0.000 sec [ext/0/ext 1 (0,20)] [test1] @con 湖北
[Sun Apr  9 12:07:10.920 2023] 0.000 sec 0.000 sec [ext/0/ext 1 (0,20)] [test1] @con 湖北
[Sun Apr  9 12:07:19.969 2023] 0.000 sec 0.000 sec [ext/0/ext 1 (0,20)] [test1] @con 湖北
[Sun Apr  9 12:07:20.361 2023] 0.000 sec 0.000 sec [ext/0/ext 1 (0,20)] [test1] @con 湖北
[Sun Apr  9 12:07:20.578 2023] 0.000 sec 0.000 sec [ext/0/ext 1 (0,20)] [test1] @con 湖北
[Sun Apr  9 12:07:20.720 2023] 0.000 sec 0.000 sec [ext/0/ext 1 (0,20)] [test1] @con 湖北
[Sun Apr  9 12:07:20.906 2023] 0.000 sec 0.000 sec [ext/0/ext 1 (0,20)] [test1] @con 湖北
[Sun Apr  9 12:07:21.120 2023] 0.000 sec 0.000 sec [ext/0/ext 1 (0,20)] [test1] @con 湖北
[Sun Apr  9 12:07:22.985 2023] 0.000 sec 0.000 sec [ext/0/ext 1 (0,20)] [test1] @con 湖北
[Sun Apr  9 12:07:23.250 2023] 0.000 sec 0.000 sec [ext/0/ext 1 (0,20)] [test1] @con 湖北
[Sun Apr  9 12:07:24.777 2023] 0.000 sec 0.000 sec [ext/0/ext 1 (0,20)] [test1] @con 湖北
[Sun Apr  9 12:07:36.581 2023] 0.000 sec 0.000 sec [ext/0/ext 1 (0,20)] [test1] @con 湖北
[Sun Apr  9 12:07:37.442 2023] 0.000 sec 0.000 sec [ext/0/ext 1 (0,20)] [test1] @con 湖北
[Sun Apr  9 12:07:37.694 2023] 0.000 sec 0.000 sec [ext/0/ext 1 (0,20)] [test1] @con 湖北
[Sun Apr  9 12:07:37.914 2023] 0.000 sec 0.000 sec [ext/0/ext 1 (0,20)] [test1] @con 湖北
[Sun Apr  9 12:07:47.261 2023] 0.000 sec 0.000 sec [ext/0/ext 1 (0,20)] [test1] @con 湖北
[Sun Apr  9 12:08:06.656 2023] 0.000 sec 0.000 sec [ext/0/ext 1 (0,20)] [test1] @con 湖北
[Sun Apr  9 12:08:17.260 2023] 0.000 sec 0.000 sec [ext/0/ext 1 (0,20)] [test1] @con 湖北
[Sun Apr  9 12:08:40.042 2023] 0.000 sec 0.000 sec [ext/0/ext 1 (0,20)] [test1] @con 湖北
[Sun Apr  9 12:08:43.966 2023] 0.000 sec 0.000 sec [ext/0/ext 1 (0,20)] [test1] @con 湖北
[Sun Apr  9 12:08:52.681 2023] 0.000 sec 0.000 sec [ext/0/ext 1 (0,20)] [test1] @con 湖北
