[Sat Apr  8 21:27:44.588 2023] [22316] listening on all interfaces, port=9312
[Sat Apr  8 21:27:44.589 2023] [22316] listening on all interfaces, port=9306
[Sat Apr  8 21:27:44.600 2023] [22316] accepting connections
[Sat Apr  8 21:27:44.601 2023] [19452] prereading 1 indexes
[Sat Apr  8 21:27:44.601 2023] [19452] prereaded 1 indexes in 0.000 sec
[Sat Apr  8 21:39:24.402 2023] [22316] caught SIGTERM, shutting down
[Sat Apr  8 21:39:24.546 2023] [22316] shutdown complete
[Sat Apr  8 21:39:25.693 2023] [25788] listening on all interfaces, port=9312
[Sat Apr  8 21:39:25.694 2023] [25788] listening on all interfaces, port=9306
[Sat Apr  8 21:39:25.707 2023] [25788] accepting connections
[Sat Apr  8 21:39:25.707 2023] [15280] prereading 1 indexes
[Sat Apr  8 21:39:25.708 2023] [15280] prereaded 1 indexes in 0.000 sec
[Sat Apr  8 21:53:45.846 2023] [25788] caught SIGTERM, shutting down
[Sat Apr  8 21:53:45.975 2023] [25788] WARNING: binlog: failed to unlink D:\sphinx-3.4.1\data/binlog.001: No such file or directory (remove it manually)
[Sat Apr  8 21:53:45.975 2023] [25788] shutdown complete
[Sat Apr  8 21:55:41.093 2023] [8836] listening on all interfaces, port=9312
[Sat Apr  8 21:55:41.094 2023] [8836] listening on all interfaces, port=9306
[Sat Apr  8 21:55:41.102 2023] [8836] rotating index 'test1': success
[Sat Apr  8 21:55:41.121 2023] [8836] accepting connections
[Sat Apr  8 21:55:41.122 2023] [23340] prereading 2 indexes
[Sat Apr  8 21:55:41.122 2023] [23340] prereaded 2 indexes in 0.000 sec
[Sat Apr  8 22:01:16.743 2023] [8836] caught SIGTERM, shutting down
[Sat Apr  8 22:01:16.810 2023] [8836] rt: index testrt: RAM segments saved in 0.0 sec
[Sat Apr  8 22:01:16.837 2023] [8836] shutdown complete
[Sat Apr  8 22:01:17.958 2023] [23868] listening on all interfaces, port=9312
[Sat Apr  8 22:01:17.958 2023] [23868] listening on all interfaces, port=9306
[Sat Apr  8 22:01:17.970 2023] [23868] accepting connections
[Sat Apr  8 22:01:17.971 2023] [19448] prereading 1 indexes
[Sat Apr  8 22:01:17.971 2023] [19448] prereaded 1 indexes in 0.000 sec
[Sat Apr  8 22:05:30.450 2023] [23868] caught SIGHUP (seamless=1, in_rotate=0, need_rotate=0)
[Sat Apr  8 22:05:30.497 2023] [12872] rotating index 'test1': started
[Sat Apr  8 22:05:30.510 2023] [12872] rotating index 'test1': success
[Sat Apr  8 22:05:30.510 2023] [12872] rotating index: all indexes done
[Sat Apr  8 22:31:07.571 2023] [23868] caught SIGHUP (seamless=1, in_rotate=0, need_rotate=0)
[Sat Apr  8 22:31:07.633 2023] [12872] rotating index 'test1': started
[Sat Apr  8 22:31:07.652 2023] [12872] rotating index 'test1': success
[Sat Apr  8 22:31:07.653 2023] [12872] rotating index: all indexes done
[Sat Apr  8 22:32:26.738 2023] [23868] caught SIGHUP (seamless=1, in_rotate=0, need_rotate=0)
[Sat Apr  8 22:32:26.801 2023] [12872] rotating index 'test1': started
[Sat Apr  8 22:32:26.814 2023] [12872] rotating index 'test1': success
[Sat Apr  8 22:32:26.814 2023] [12872] rotating index: all indexes done
[Sat Apr  8 22:49:16.685 2023] [3632] listening on all interfaces, port=9312
[Sat Apr  8 22:49:16.686 2023] [3632] listening on all interfaces, port=9306
[Sat Apr  8 22:49:16.696 2023] [3632] rotating index 'testrt': success
[Sat Apr  8 22:49:16.700 2023] [3632] accepting connections
[Sat Apr  8 22:49:16.701 2023] [3992] prereading 1 indexes
[Sat Apr  8 22:49:16.701 2023] [3992] prereaded 1 indexes in 0.000 sec
[Sat Apr  8 22:50:57.344 2023] [3632] caught SIGHUP (seamless=1, in_rotate=0, need_rotate=0)
[Sat Apr  8 22:50:57.406 2023] [24024] rotating index 'testrt': started
[Sat Apr  8 22:50:57.420 2023] [24024] rotating index 'testrt': success
[Sat Apr  8 22:50:57.420 2023] [24024] rotating index: all indexes done
[Sat Apr  8 22:51:07.386 2023] [3632] caught SIGTERM, shutting down
[Sat Apr  8 22:51:07.514 2023] [3632] shutdown complete
[Sat Apr  8 22:51:08.645 2023] [18348] listening on all interfaces, port=9312
[Sat Apr  8 22:51:08.645 2023] [18348] listening on all interfaces, port=9306
[Sat Apr  8 22:51:08.658 2023] [18348] accepting connections
[Sat Apr  8 22:51:08.659 2023] [8028] prereading 1 indexes
[Sat Apr  8 22:51:08.659 2023] [8028] prereaded 1 indexes in 0.000 sec
[Sat Apr  8 22:52:34.943 2023] [18348] caught SIGHUP (seamless=1, in_rotate=0, need_rotate=0)
[Sat Apr  8 22:52:35.006 2023] [16092] rotating index 'testrt': started
[Sat Apr  8 22:52:35.020 2023] [16092] rotating index 'testrt': success
[Sat Apr  8 22:52:35.020 2023] [16092] rotating index: all indexes done
[Sat Apr  8 22:52:45.240 2023] [18348] caught SIGTERM, shutting down
[Sat Apr  8 22:52:45.385 2023] [18348] shutdown complete
[Sat Apr  8 22:52:46.616 2023] [22548] listening on all interfaces, port=9312
[Sat Apr  8 22:52:46.616 2023] [22548] listening on all interfaces, port=9306
[Sat Apr  8 22:52:46.626 2023] [22548] accepting connections
[Sat Apr  8 22:52:46.626 2023] [3832] prereading 1 indexes
[Sat Apr  8 22:52:46.626 2023] [3832] prereaded 1 indexes in 0.000 sec
[Sat Apr  8 22:53:03.514 2023] [22548] caught SIGHUP (seamless=1, in_rotate=0, need_rotate=0)
[Sat Apr  8 22:53:03.561 2023] [20768] rotating index 'testrt': started
[Sat Apr  8 22:53:03.576 2023] [20768] rotating index 'testrt': success
[Sat Apr  8 22:53:03.576 2023] [20768] rotating index: all indexes done
[Sat Apr  8 22:54:32.769 2023] [22548] caught SIGHUP (seamless=1, in_rotate=0, need_rotate=0)
[Sat Apr  8 22:54:32.816 2023] [20768] rotating index 'testrt': started
[Sat Apr  8 22:54:32.830 2023] [20768] rotating index 'testrt': success
[Sat Apr  8 22:54:32.830 2023] [20768] rotating index: all indexes done
[Sun Apr  9 09:05:08.775 2023] [22548] caught SIGHUP (seamless=1, in_rotate=0, need_rotate=0)
[Sun Apr  9 09:05:08.838 2023] [20768] rotating index 'testrt': started
[Sun Apr  9 09:05:08.853 2023] [20768] rotating index 'testrt': success
[Sun Apr  9 09:05:08.853 2023] [20768] rotating index: all indexes done
[Sun Apr  9 09:05:45.512 2023] [22548] caught SIGHUP (seamless=1, in_rotate=0, need_rotate=0)
[Sun Apr  9 09:05:45.560 2023] [20768] rotating index 'testrt': started
[Sun Apr  9 09:05:45.574 2023] [20768] rotating index 'testrt': success
[Sun Apr  9 09:05:45.574 2023] [20768] rotating index: all indexes done
[Sun Apr  9 09:05:47.140 2023] [22548] caught SIGHUP (seamless=1, in_rotate=0, need_rotate=0)
[Sun Apr  9 09:05:47.202 2023] [20768] rotating index 'testrt': started
[Sun Apr  9 09:05:47.216 2023] [20768] rotating index 'testrt': success
[Sun Apr  9 09:05:47.216 2023] [20768] rotating index: all indexes done
[Sun Apr  9 09:13:29.916 2023] [22548] caught SIGHUP (seamless=1, in_rotate=0, need_rotate=0)
[Sun Apr  9 09:13:29.962 2023] [20768] rotating index 'testrt': started
[Sun Apr  9 09:13:29.977 2023] [20768] rotating index 'testrt': success
[Sun Apr  9 09:13:29.977 2023] [20768] rotating index: all indexes done
[Sun Apr  9 09:13:46.583 2023] [22548] caught SIGHUP (seamless=1, in_rotate=0, need_rotate=0)
[Sun Apr  9 09:13:46.614 2023] [20768] rotating index 'testrt': started
[Sun Apr  9 09:13:46.630 2023] [20768] rotating index 'testrt': success
[Sun Apr  9 09:13:46.630 2023] [20768] rotating index: all indexes done
[Sun Apr  9 09:21:15.173 2023] [22548] caught SIGTERM, shutting down
[Sun Apr  9 09:21:15.286 2023] [22548] shutdown complete
[Sun Apr  9 09:21:16.853 2023] [24352] listening on all interfaces, port=9312
[Sun Apr  9 09:21:16.854 2023] [24352] listening on all interfaces, port=9306
[Sun Apr  9 09:21:16.865 2023] [24352] accepting connections
[Sun Apr  9 09:21:16.866 2023] [11092] prereading 2 indexes
[Sun Apr  9 09:21:16.866 2023] [11092] prereaded 2 indexes in 0.000 sec
[Sun Apr  9 09:28:40.107 2023] [24352] caught SIGTERM, shutting down
[Sun Apr  9 09:28:40.143 2023] [24352] rt: index testrt: RAM segments saved in 0.0 sec
[Sun Apr  9 09:28:40.154 2023] [24352] shutdown complete
[Sun Apr  9 09:28:41.364 2023] [7632] listening on all interfaces, port=9312
[Sun Apr  9 09:28:41.365 2023] [7632] listening on all interfaces, port=9306
[Sun Apr  9 09:28:41.377 2023] [7632] accepting connections
[Sun Apr  9 09:28:41.378 2023] [14456] prereading 2 indexes
[Sun Apr  9 09:28:41.378 2023] [14456] prereaded 2 indexes in 0.000 sec
[Sun Apr  9 09:33:32.673 2023] [7632] caught SIGTERM, shutting down
[Sun Apr  9 09:33:32.698 2023] [7632] WARNING: binlog: failed to unlink D:\sphinx-3.4.1\data/binlog.001: No such file or directory (remove it manually)
[Sun Apr  9 09:33:32.698 2023] [7632] rt: index testrt: RAM segments saved in 0.0 sec
[Sun Apr  9 09:33:32.737 2023] [7632] shutdown complete
[Sun Apr  9 09:34:17.432 2023] [16868] listening on all interfaces, port=9312
[Sun Apr  9 09:34:17.433 2023] [16868] listening on all interfaces, port=9306
[Sun Apr  9 09:34:17.445 2023] [16868] accepting connections
[Sun Apr  9 09:34:17.446 2023] [8288] prereading 2 indexes
[Sun Apr  9 09:34:17.446 2023] [8288] prereaded 2 indexes in 0.000 sec
[Sun Apr  9 09:55:06.318 2023] [16868] caught SIGTERM, shutting down
[Sun Apr  9 09:55:06.359 2023] [16868] WARNING: binlog: failed to unlink D:\sphinx-3.4.1\data/binlog.001: No such file or directory (remove it manually)
[Sun Apr  9 09:55:06.360 2023] [16868] rt: index testrt: RAM segments saved in 0.0 sec
[Sun Apr  9 09:55:06.383 2023] [16868] shutdown complete
[Sun Apr  9 09:55:36.071 2023] [19644] listening on all interfaces, port=9312
[Sun Apr  9 09:55:36.072 2023] [19644] listening on all interfaces, port=9306
[Sun Apr  9 09:55:36.084 2023] [19644] accepting connections
[Sun Apr  9 09:55:36.085 2023] [3524] prereading 1 indexes
[Sun Apr  9 09:55:36.085 2023] [3524] prereaded 1 indexes in 0.000 sec
[Sun Apr  9 09:57:39.200 2023] [19644] caught SIGTERM, shutting down
[Sun Apr  9 09:57:39.282 2023] [19644] shutdown complete
[Sun Apr  9 10:04:11.769 2023] [15764] listening on all interfaces, port=9312
[Sun Apr  9 10:04:11.770 2023] [15764] listening on all interfaces, port=9306
[Sun Apr  9 10:04:11.782 2023] [15764] accepting connections
[Sun Apr  9 10:04:11.782 2023] [8028] prereading 1 indexes
[Sun Apr  9 10:04:11.782 2023] [8028] prereaded 1 indexes in 0.000 sec
[Sun Apr  9 10:09:56.115 2023] [15764] caught SIGTERM, shutting down
[Sun Apr  9 10:09:56.229 2023] [15764] shutdown complete
[Sun Apr  9 10:10:05.675 2023] [328] listening on all interfaces, port=9312
[Sun Apr  9 10:10:05.675 2023] [328] listening on all interfaces, port=9306
[Sun Apr  9 10:10:05.686 2023] [328] accepting connections
[Sun Apr  9 10:10:05.686 2023] [9140] prereading 1 indexes
[Sun Apr  9 10:10:05.686 2023] [9140] prereaded 1 indexes in 0.000 sec
[Sun Apr  9 10:14:10.926 2023] [328] caught SIGTERM, shutting down
[Sun Apr  9 10:14:11.103 2023] [328] shutdown complete
[Sun Apr  9 10:14:18.684 2023] [21344] listening on all interfaces, port=9312
[Sun Apr  9 10:14:18.684 2023] [21344] listening on all interfaces, port=9306
[Sun Apr  9 10:14:18.697 2023] [21344] accepting connections
[Sun Apr  9 10:14:18.698 2023] [22256] prereading 1 indexes
[Sun Apr  9 10:14:18.698 2023] [22256] prereaded 1 indexes in 0.000 sec
[Sun Apr  9 10:16:49.401 2023] [21344] caught SIGTERM, shutting down
[Sun Apr  9 10:16:49.513 2023] [21344] shutdown complete
[Sun Apr  9 10:17:16.317 2023] [16492] listening on all interfaces, port=9312
[Sun Apr  9 10:17:16.318 2023] [16492] listening on all interfaces, port=9306
[Sun Apr  9 10:17:16.329 2023] [16492] accepting connections
[Sun Apr  9 10:17:16.330 2023] [3096] prereading 1 indexes
[Sun Apr  9 10:17:16.330 2023] [3096] prereaded 1 indexes in 0.000 sec
[Sun Apr  9 10:20:32.894 2023] [16492] caught SIGTERM, shutting down
[Sun Apr  9 10:20:33.053 2023] [16492] shutdown complete
[Sun Apr  9 10:22:25.463 2023] [19472] listening on all interfaces, port=9312
[Sun Apr  9 10:22:25.464 2023] [19472] listening on all interfaces, port=9306
[Sun Apr  9 10:22:25.475 2023] [19472] accepting connections
[Sun Apr  9 10:22:25.476 2023] [25244] prereading 2 indexes
[Sun Apr  9 10:22:25.476 2023] [25244] prereaded 2 indexes in 0.000 sec
[Sun Apr  9 10:24:35.130 2023] [19472] caught SIGTERM, shutting down
[Sun Apr  9 10:24:35.166 2023] [19472] rt: index testrt: RAM segments saved in 0.0 sec
[Sun Apr  9 10:24:35.178 2023] [19472] shutdown complete
[Sun Apr  9 10:24:40.082 2023] [22328] listening on all interfaces, port=9312
[Sun Apr  9 10:24:40.083 2023] [22328] listening on all interfaces, port=9306
[Sun Apr  9 10:24:40.094 2023] [22328] accepting connections
[Sun Apr  9 10:24:40.095 2023] [10644] prereading 2 indexes
[Sun Apr  9 10:24:40.095 2023] [10644] prereaded 2 indexes in 0.000 sec
[Sun Apr  9 10:25:07.443 2023] [22328] caught SIGTERM, shutting down
[Sun Apr  9 10:25:07.464 2023] [22328] rt: index testrt: RAM segments saved in 0.0 sec
[Sun Apr  9 10:25:07.538 2023] [22328] shutdown complete
[Sun Apr  9 10:25:19.423 2023] [19584] listening on all interfaces, port=9312
[Sun Apr  9 10:25:19.424 2023] [19584] listening on all interfaces, port=9306
[Sun Apr  9 10:25:19.436 2023] [19584] accepting connections
[Sun Apr  9 10:25:19.437 2023] [16264] prereading 2 indexes
[Sun Apr  9 10:25:19.437 2023] [16264] prereaded 2 indexes in 0.000 sec
[Sun Apr  9 10:25:29.857 2023] [19584] caught SIGTERM, shutting down
[Sun Apr  9 10:25:29.910 2023] [19584] rt: index testrt: RAM segments saved in 0.0 sec
[Sun Apr  9 10:25:30.014 2023] [19584] shutdown complete
[Sun Apr  9 10:25:46.452 2023] [12308] listening on all interfaces, port=9312
[Sun Apr  9 10:25:46.452 2023] [12308] listening on all interfaces, port=9306
[Sun Apr  9 10:25:46.465 2023] [12308] accepting connections
[Sun Apr  9 10:25:46.465 2023] [14092] prereading 2 indexes
[Sun Apr  9 10:25:46.465 2023] [14092] prereaded 2 indexes in 0.000 sec
[Sun Apr  9 10:29:07.655 2023] [12308] caught SIGTERM, shutting down
[Sun Apr  9 10:29:07.721 2023] [12308] rt: index testrt: RAM segments saved in 0.0 sec
[Sun Apr  9 10:29:07.809 2023] [12308] shutdown complete
[Sun Apr  9 10:49:51.879 2023] [25308] listening on all interfaces, port=9312
[Sun Apr  9 10:49:51.879 2023] [25308] listening on all interfaces, port=9306
[Sun Apr  9 10:49:51.881 2023] [25308] WARNING: index 'testrt': duplicate attribute name 'id' - NOT SERVING
[Sun Apr  9 10:49:51.888 2023] [25308] accepting connections
[Sun Apr  9 10:49:51.888 2023] [22916] prereading 1 indexes
[Sun Apr  9 10:49:51.888 2023] [22916] prereaded 1 indexes in 0.000 sec
[Sun Apr  9 10:50:06.279 2023] [25308] caught SIGTERM, shutting down
[Sun Apr  9 10:50:06.424 2023] [25308] shutdown complete
[Sun Apr  9 10:50:14.342 2023] [3040] listening on all interfaces, port=9312
[Sun Apr  9 10:50:14.343 2023] [3040] listening on all interfaces, port=9306
[Sun Apr  9 10:50:14.344 2023] [3040] WARNING: index 'testrt': duplicate attribute name 'id' - NOT SERVING
[Sun Apr  9 10:50:14.352 2023] [3040] accepting connections
[Sun Apr  9 10:50:14.353 2023] [4128] prereading 1 indexes
[Sun Apr  9 10:50:14.353 2023] [4128] prereaded 1 indexes in 0.000 sec
[Sun Apr  9 10:52:41.877 2023] [3040] caught SIGTERM, shutting down
[Sun Apr  9 10:52:41.976 2023] [3040] shutdown complete
[Sun Apr  9 10:52:48.740 2023] [17008] listening on all interfaces, port=9312
[Sun Apr  9 10:52:48.741 2023] [17008] listening on all interfaces, port=9306
[Sun Apr  9 10:52:48.743 2023] [17008] WARNING: index 'testrt': duplicate attribute name 'id' - NOT SERVING
[Sun Apr  9 10:52:48.750 2023] [17008] accepting connections
[Sun Apr  9 10:52:48.750 2023] [19064] prereading 1 indexes
[Sun Apr  9 10:52:48.751 2023] [19064] prereaded 1 indexes in 0.001 sec
[Sun Apr  9 10:58:01.322 2023] [17008] caught SIGTERM, shutting down
[Sun Apr  9 10:58:01.388 2023] [17008] shutdown complete
[Sun Apr  9 11:08:27.924 2023] [23380] listening on all interfaces, port=9312
[Sun Apr  9 11:08:27.925 2023] [23380] listening on all interfaces, port=9306
[Sun Apr  9 11:08:27.937 2023] [23380] accepting connections
[Sun Apr  9 11:08:27.937 2023] [7668] prereading 1 indexes
[Sun Apr  9 11:08:27.937 2023] [7668] prereaded 1 indexes in 0.000 sec
[Sun Apr  9 11:09:33.357 2023] [23380] caught SIGTERM, shutting down
[Sun Apr  9 11:09:33.393 2023] [23380] shutdown complete
[Sun Apr  9 11:09:40.031 2023] [18100] listening on all interfaces, port=9312
[Sun Apr  9 11:09:40.032 2023] [18100] listening on all interfaces, port=9306
[Sun Apr  9 11:09:40.044 2023] [18100] accepting connections
[Sun Apr  9 11:09:40.044 2023] [10532] prereading 1 indexes
[Sun Apr  9 11:09:40.045 2023] [10532] prereaded 1 indexes in 0.000 sec
[Sun Apr  9 11:10:47.216 2023] [18100] caught SIGTERM, shutting down
[Sun Apr  9 11:10:47.315 2023] [18100] shutdown complete
[Sun Apr  9 11:11:29.890 2023] [16080] listening on all interfaces, port=9312
[Sun Apr  9 11:11:29.890 2023] [16080] listening on all interfaces, port=9306
[Sun Apr  9 11:11:29.904 2023] [16080] accepting connections
[Sun Apr  9 11:11:29.904 2023] [19564] prereading 1 indexes
[Sun Apr  9 11:11:29.904 2023] [19564] prereaded 1 indexes in 0.000 sec
[Sun Apr  9 11:48:01.890 2023] [16080] caught SIGTERM, shutting down
[Sun Apr  9 11:48:01.942 2023] [16080] shutdown complete
[Sun Apr  9 11:52:47.448 2023] [18796] listening on all interfaces, port=9312
[Sun Apr  9 11:52:47.449 2023] [18796] listening on all interfaces, port=9306
[Sun Apr  9 11:52:47.451 2023] [18796] WARNING: index 'testrt': duplicate attribute name 'id' - NOT SERVING
[Sun Apr  9 11:52:47.459 2023] [18796] accepting connections
[Sun Apr  9 11:52:47.460 2023] [24408] prereading 1 indexes
[Sun Apr  9 11:52:47.460 2023] [24408] prereaded 1 indexes in 0.000 sec
[Sun Apr  9 11:58:10.152 2023] [18796] caught SIGTERM, shutting down
[Sun Apr  9 11:58:10.297 2023] [18796] shutdown complete
[Sun Apr  9 11:58:15.636 2023] [26200] listening on all interfaces, port=9312
[Sun Apr  9 11:58:15.637 2023] [26200] listening on all interfaces, port=9306
[Sun Apr  9 11:58:15.639 2023] [26200] WARNING: index 'testrt': duplicate attribute name 'id' - NOT SERVING
[Sun Apr  9 11:58:15.648 2023] [26200] accepting connections
[Sun Apr  9 11:58:15.648 2023] [14632] prereading 1 indexes
[Sun Apr  9 11:58:15.648 2023] [14632] prereaded 1 indexes in 0.000 sec
[Sun Apr  9 11:59:52.419 2023] [26200] caught SIGTERM, shutting down
[Sun Apr  9 11:59:52.469 2023] [26200] shutdown complete
[Sun Apr  9 11:59:57.243 2023] [7740] listening on all interfaces, port=9312
[Sun Apr  9 11:59:57.244 2023] [7740] listening on all interfaces, port=9306
[Sun Apr  9 11:59:57.246 2023] [7740] WARNING: index 'testrt': duplicate attribute name 'id' - NOT SERVING
[Sun Apr  9 11:59:57.254 2023] [7740] accepting connections
[Sun Apr  9 11:59:57.254 2023] [12436] prereading 1 indexes
[Sun Apr  9 11:59:57.254 2023] [12436] prereaded 1 indexes in 0.000 sec
[Sun Apr  9 12:00:24.992 2023] [7740] caught SIGTERM, shutting down
[Sun Apr  9 12:00:25.121 2023] [7740] shutdown complete
[Sun Apr  9 12:00:30.783 2023] [26528] listening on all interfaces, port=9312
[Sun Apr  9 12:00:30.784 2023] [26528] listening on all interfaces, port=9306
[Sun Apr  9 12:00:30.785 2023] [26528] WARNING: index 'testrt': duplicate attribute name 'id' - NOT SERVING
[Sun Apr  9 12:00:30.793 2023] [26528] accepting connections
[Sun Apr  9 12:00:30.793 2023] [25240] prereading 1 indexes
[Sun Apr  9 12:00:30.793 2023] [25240] prereaded 1 indexes in 0.000 sec
[Sun Apr  9 12:02:05.700 2023] [26528] caught SIGTERM, shutting down
[Sun Apr  9 12:02:05.780 2023] [26528] shutdown complete
[Sun Apr  9 12:02:11.752 2023] [25152] listening on all interfaces, port=9312
[Sun Apr  9 12:02:11.753 2023] [25152] listening on all interfaces, port=9306
[Sun Apr  9 12:02:11.754 2023] [25152] WARNING: index 'testrt': duplicate attribute name 'id' - NOT SERVING
[Sun Apr  9 12:02:11.762 2023] [25152] accepting connections
[Sun Apr  9 12:02:11.762 2023] [15504] prereading 1 indexes
[Sun Apr  9 12:02:11.762 2023] [15504] prereaded 1 indexes in 0.000 sec
[Sun Apr  9 12:03:36.701 2023] [25152] caught SIGTERM, shutting down
[Sun Apr  9 12:03:36.814 2023] [25152] shutdown complete
[Sun Apr  9 12:03:41.865 2023] [13988] listening on all interfaces, port=9312
[Sun Apr  9 12:03:41.865 2023] [13988] listening on all interfaces, port=9306
[Sun Apr  9 12:03:41.867 2023] [13988] WARNING: index 'testrt': duplicate attribute name 'id' - NOT SERVING
[Sun Apr  9 12:03:41.874 2023] [13988] accepting connections
[Sun Apr  9 12:03:41.874 2023] [25512] prereading 1 indexes
[Sun Apr  9 12:03:41.874 2023] [25512] prereaded 1 indexes in 0.000 sec
[Sun Apr  9 12:05:59.439 2023] [13988] caught SIGHUP (seamless=1, in_rotate=0, need_rotate=0)
[Sun Apr  9 12:05:59.440 2023] [13988] WARNING: index 'testrt': duplicate attribute name 'id' - NOT SERVING
[Sun Apr  9 12:05:59.485 2023] [24436] rotating index 'test1': started
[Sun Apr  9 12:05:59.503 2023] [24436] rotating index 'test1': success
[Sun Apr  9 12:05:59.503 2023] [24436] rotating index: all indexes done
[Sun Apr  9 12:06:01.672 2023] [13988] caught SIGHUP (seamless=1, in_rotate=0, need_rotate=0)
[Sun Apr  9 12:06:01.687 2023] [24436] rotating index 'test1': started
[Sun Apr  9 12:06:01.705 2023] [24436] rotating index 'test1': success
[Sun Apr  9 12:06:01.705 2023] [24436] rotating index: all indexes done
[Sun Apr  9 12:06:53.319 2023] [13988] caught SIGHUP (seamless=1, in_rotate=0, need_rotate=0)
[Sun Apr  9 12:06:53.320 2023] [13988] WARNING: index 'testrt': duplicate attribute name 'id' - NOT SERVING
[Sun Apr  9 12:06:53.381 2023] [24436] rotating index 'test1': started
[Sun Apr  9 12:06:53.396 2023] [24436] rotating index 'test1': success
[Sun Apr  9 12:06:53.396 2023] [24436] rotating index: all indexes done
[Sun Apr  9 12:07:07.422 2023] [13988] caught SIGHUP (seamless=1, in_rotate=0, need_rotate=0)
[Sun Apr  9 12:07:07.422 2023] [13988] WARNING: index 'testrt': duplicate attribute name 'id' - NOT SERVING
[Sun Apr  9 12:07:07.484 2023] [24436] rotating index 'test1': started
[Sun Apr  9 12:07:07.500 2023] [24436] rotating index 'test1': success
[Sun Apr  9 12:07:07.500 2023] [24436] rotating index: all indexes done
[Sun Apr  9 12:07:18.606 2023] [13988] caught SIGHUP (seamless=1, in_rotate=0, need_rotate=0)
[Sun Apr  9 12:07:18.606 2023] [13988] WARNING: index 'testrt': no fields configured (use rt_field directive) - NOT SERVING
[Sun Apr  9 12:07:18.668 2023] [24436] rotating index 'test1': started
[Sun Apr  9 12:07:18.682 2023] [24436] rotating index 'test1': success
[Sun Apr  9 12:07:18.682 2023] [24436] rotating index: all indexes done
[Sun Apr  9 12:07:35.321 2023] [13988] caught SIGHUP (seamless=1, in_rotate=0, need_rotate=0)
[Sun Apr  9 12:07:35.321 2023] [13988] WARNING: index 'testrt': no fields configured (use rt_field directive) - NOT SERVING
[Sun Apr  9 12:07:35.336 2023] [24436] rotating index 'test1': started
[Sun Apr  9 12:07:35.351 2023] [24436] rotating index 'test1': success
[Sun Apr  9 12:07:35.351 2023] [24436] rotating index: all indexes done
[Sun Apr  9 12:07:45.816 2023] [13988] caught SIGHUP (seamless=1, in_rotate=0, need_rotate=0)
[Sun Apr  9 12:07:45.817 2023] [13988] WARNING: index 'testrt': no fields configured (use rt_field directive) - NOT SERVING
[Sun Apr  9 12:07:45.848 2023] [24436] rotating index 'test1': started
[Sun Apr  9 12:07:45.864 2023] [24436] rotating index 'test1': success
[Sun Apr  9 12:07:45.864 2023] [24436] rotating index: all indexes done
[Sun Apr  9 12:08:38.356 2023] [13988] caught SIGHUP (seamless=1, in_rotate=0, need_rotate=0)
[Sun Apr  9 12:08:38.372 2023] [24436] rotating index 'test1': started
[Sun Apr  9 12:08:38.390 2023] [24436] rotating index 'test1': success
[Sun Apr  9 12:08:38.390 2023] [24436] rotating index: all indexes done
[Sun Apr  9 12:08:41.863 2023] [13988] caught SIGTERM, shutting down
[Sun Apr  9 12:08:41.913 2023] [13988] shutdown complete
[Sun Apr  9 12:08:42.696 2023] [14480] listening on all interfaces, port=9312
[Sun Apr  9 12:08:42.697 2023] [14480] listening on all interfaces, port=9306
[Sun Apr  9 12:08:42.708 2023] [14480] accepting connections
[Sun Apr  9 12:08:42.709 2023] [4592] prereading 1 indexes
[Sun Apr  9 12:08:42.709 2023] [4592] prereaded 1 indexes in 0.000 sec
